# IPython log file

p = 2^64 - 2^32 + 1
F = GF(p)
F
#[Out]# Finite Field of size 18446744069414584321
A = Matrix(F, [
    [4, 2, 2, 6, 2, 1, 1, 3, 2, 1, 1, 3, 2, 1, 1, 3],
    [6, 4, 2, 2, 3, 2, 1, 1, 3, 2, 1, 1, 3, 2, 1, 1],
    [2, 6, 4, 2, 1, 3, 2, 1, 1, 3, 2, 1, 1, 3, 2, 1],
    [2, 2, 6, 4, 1, 1, 3, 2, 1, 1, 3, 2, 1, 1, 3, 2],
    [2, 1, 1, 3, 4, 2, 2, 6, 2, 1, 1, 3, 2, 1, 1, 3],
    [3, 2, 1, 1, 6, 4, 2, 2, 3, 2, 1, 1, 3, 2, 1, 1],
    [1, 3, 2, 1, 2, 6, 4, 2, 1, 3, 2, 1, 1, 3, 2, 1],
    [1, 1, 3, 2, 2, 2, 6, 4, 1, 1, 3, 2, 1, 1, 3, 2],
    [2, 1, 1, 3, 2, 1, 1, 3, 4, 2, 2, 6, 2, 1, 1, 3],
    [3, 2, 1, 1, 3, 2, 1, 1, 6, 4, 2, 2, 3, 2, 1, 1],
    [1, 3, 2, 1, 1, 3, 2, 1, 2, 6, 4, 2, 1, 3, 2, 1],
    [1, 1, 3, 2, 1, 1, 3, 2, 2, 2, 6, 4, 1, 1, 3, 2],
    [2, 1, 1, 3, 2, 1, 1, 3, 2, 1, 1, 3, 4, 2, 2, 6],
    [3, 2, 1, 1, 3, 2, 1, 1, 3, 2, 1, 1, 6, 4, 2, 2],
    [1, 3, 2, 1, 1, 3, 2, 1, 1, 3, 2, 1, 2, 6, 4, 2],
    [1, 1, 3, 2, 1, 1, 3, 2, 1, 1, 3, 2, 2, 2, 6, 4],
])
A
#[Out]# [4 2 2 6 2 1 1 3 2 1 1 3 2 1 1 3]
#[Out]# [6 4 2 2 3 2 1 1 3 2 1 1 3 2 1 1]
#[Out]# [2 6 4 2 1 3 2 1 1 3 2 1 1 3 2 1]
#[Out]# [2 2 6 4 1 1 3 2 1 1 3 2 1 1 3 2]
#[Out]# [2 1 1 3 4 2 2 6 2 1 1 3 2 1 1 3]
#[Out]# [3 2 1 1 6 4 2 2 3 2 1 1 3 2 1 1]
#[Out]# [1 3 2 1 2 6 4 2 1 3 2 1 1 3 2 1]
#[Out]# [1 1 3 2 2 2 6 4 1 1 3 2 1 1 3 2]
#[Out]# [2 1 1 3 2 1 1 3 4 2 2 6 2 1 1 3]
#[Out]# [3 2 1 1 3 2 1 1 6 4 2 2 3 2 1 1]
#[Out]# [1 3 2 1 1 3 2 1 2 6 4 2 1 3 2 1]
#[Out]# [1 1 3 2 1 1 3 2 2 2 6 4 1 1 3 2]
#[Out]# [2 1 1 3 2 1 1 3 2 1 1 3 4 2 2 6]
#[Out]# [3 2 1 1 3 2 1 1 3 2 1 1 6 4 2 2]
#[Out]# [1 3 2 1 1 3 2 1 1 3 2 1 2 6 4 2]
#[Out]# [1 1 3 2 1 1 3 2 1 1 3 2 2 2 6 4]
detA = A.det()
print("det(A) =", detA)
A.inverse()
#[Out]# [10119356746650286256 12332966034980036375  9381486983873702883 10857226509426869629 15916904882752012757 10751816543315929147 11489686306092512520  1897379389996928673 15916904882752012757 10751816543315929147 11489686306092512520  1897379389996928673 15916904882752012757 10751816543315929147 11489686306092512520  1897379389996928673]
#[Out]# [10857226509426869629 10119356746650286256 12332966034980036375  9381486983873702883  1897379389996928673 15916904882752012757 10751816543315929147 11489686306092512520  1897379389996928673 15916904882752012757 10751816543315929147 11489686306092512520  1897379389996928673 15916904882752012757 10751816543315929147 11489686306092512520]
#[Out]# [ 9381486983873702883 10857226509426869629 10119356746650286256 12332966034980036375 11489686306092512520  1897379389996928673 15916904882752012757 10751816543315929147 11489686306092512520  1897379389996928673 15916904882752012757 10751816543315929147 11489686306092512520  1897379389996928673 15916904882752012757 10751816543315929147]
#[Out]# [12332966034980036375  9381486983873702883 10857226509426869629 10119356746650286256 10751816543315929147 11489686306092512520  1897379389996928673 15916904882752012757 10751816543315929147 11489686306092512520  1897379389996928673 15916904882752012757 10751816543315929147 11489686306092512520  1897379389996928673 15916904882752012757]
#[Out]# [15916904882752012757 10751816543315929147 11489686306092512520  1897379389996928673 10119356746650286256 12332966034980036375  9381486983873702883 10857226509426869629 15916904882752012757 10751816543315929147 11489686306092512520  1897379389996928673 15916904882752012757 10751816543315929147 11489686306092512520  1897379389996928673]
#[Out]# [ 1897379389996928673 15916904882752012757 10751816543315929147 11489686306092512520 10857226509426869629 10119356746650286256 12332966034980036375  9381486983873702883  1897379389996928673 15916904882752012757 10751816543315929147 11489686306092512520  1897379389996928673 15916904882752012757 10751816543315929147 11489686306092512520]
#[Out]# [11489686306092512520  1897379389996928673 15916904882752012757 10751816543315929147  9381486983873702883 10857226509426869629 10119356746650286256 12332966034980036375 11489686306092512520  1897379389996928673 15916904882752012757 10751816543315929147 11489686306092512520  1897379389996928673 15916904882752012757 10751816543315929147]
#[Out]# [10751816543315929147 11489686306092512520  1897379389996928673 15916904882752012757 12332966034980036375  9381486983873702883 10857226509426869629 10119356746650286256 10751816543315929147 11489686306092512520  1897379389996928673 15916904882752012757 10751816543315929147 11489686306092512520  1897379389996928673 15916904882752012757]
#[Out]# [15916904882752012757 10751816543315929147 11489686306092512520  1897379389996928673 15916904882752012757 10751816543315929147 11489686306092512520  1897379389996928673 10119356746650286256 12332966034980036375  9381486983873702883 10857226509426869629 15916904882752012757 10751816543315929147 11489686306092512520  1897379389996928673]
#[Out]# [ 1897379389996928673 15916904882752012757 10751816543315929147 11489686306092512520  1897379389996928673 15916904882752012757 10751816543315929147 11489686306092512520 10857226509426869629 10119356746650286256 12332966034980036375  9381486983873702883  1897379389996928673 15916904882752012757 10751816543315929147 11489686306092512520]
#[Out]# [11489686306092512520  1897379389996928673 15916904882752012757 10751816543315929147 11489686306092512520  1897379389996928673 15916904882752012757 10751816543315929147  9381486983873702883 10857226509426869629 10119356746650286256 12332966034980036375 11489686306092512520  1897379389996928673 15916904882752012757 10751816543315929147]
#[Out]# [10751816543315929147 11489686306092512520  1897379389996928673 15916904882752012757 10751816543315929147 11489686306092512520  1897379389996928673 15916904882752012757 12332966034980036375  9381486983873702883 10857226509426869629 10119356746650286256 10751816543315929147 11489686306092512520  1897379389996928673 15916904882752012757]
#[Out]# [15916904882752012757 10751816543315929147 11489686306092512520  1897379389996928673 15916904882752012757 10751816543315929147 11489686306092512520  1897379389996928673 15916904882752012757 10751816543315929147 11489686306092512520  1897379389996928673 10119356746650286256 12332966034980036375  9381486983873702883 10857226509426869629]
#[Out]# [ 1897379389996928673 15916904882752012757 10751816543315929147 11489686306092512520  1897379389996928673 15916904882752012757 10751816543315929147 11489686306092512520  1897379389996928673 15916904882752012757 10751816543315929147 11489686306092512520 10857226509426869629 10119356746650286256 12332966034980036375  9381486983873702883]
#[Out]# [11489686306092512520  1897379389996928673 15916904882752012757 10751816543315929147 11489686306092512520  1897379389996928673 15916904882752012757 10751816543315929147 11489686306092512520  1897379389996928673 15916904882752012757 10751816543315929147  9381486983873702883 10857226509426869629 10119356746650286256 12332966034980036375]
#[Out]# [10751816543315929147 11489686306092512520  1897379389996928673 15916904882752012757 10751816543315929147 11489686306092512520  1897379389996928673 15916904882752012757 10751816543315929147 11489686306092512520  1897379389996928673 15916904882752012757 12332966034980036375  9381486983873702883 10857226509426869629 10119356746650286256]
A_inv = A.inverse()
v = vector(F, [
    0,
    13458558136629279646,
    11917569669020208757,
    3145715386209370042,
    17331705705982545631,
    13458558136629279646,
    11917569669020208757,
    3145715386209370042,
    17331705705982545631,
    13215201055849252531,
    8610291617797430736,
    1265525353557427957,
    0, 0, 0, 0,
])
v * A
#[Out]# (8463960316966287206, 8935674688980218489, 6174117900414483463, 1988524517886486576, 6233883590102209826, 7820636325548179799, 5059079536982444773, 17090153497004954827, 316344263887408375, 13978642047082433742, 11007340325215619682, 9779138299698265521, 8365233060092622432, 16907110300110000168, 14783506475360429140, 7214454078647426731)
x = v * A
x * A_inv
#[Out]# (0, 13458558136629279646, 11917569669020208757, 3145715386209370042, 17331705705982545631, 13458558136629279646, 11917569669020208757, 3145715386209370042, 17331705705982545631, 13215201055849252531, 8610291617797430736, 1265525353557427957, 0, 0, 0, 0)
A_inv
#[Out]# [10119356746650286256 12332966034980036375  9381486983873702883 10857226509426869629 15916904882752012757 10751816543315929147 11489686306092512520  1897379389996928673 15916904882752012757 10751816543315929147 11489686306092512520  1897379389996928673 15916904882752012757 10751816543315929147 11489686306092512520  1897379389996928673]
#[Out]# [10857226509426869629 10119356746650286256 12332966034980036375  9381486983873702883  1897379389996928673 15916904882752012757 10751816543315929147 11489686306092512520  1897379389996928673 15916904882752012757 10751816543315929147 11489686306092512520  1897379389996928673 15916904882752012757 10751816543315929147 11489686306092512520]
#[Out]# [ 9381486983873702883 10857226509426869629 10119356746650286256 12332966034980036375 11489686306092512520  1897379389996928673 15916904882752012757 10751816543315929147 11489686306092512520  1897379389996928673 15916904882752012757 10751816543315929147 11489686306092512520  1897379389996928673 15916904882752012757 10751816543315929147]
#[Out]# [12332966034980036375  9381486983873702883 10857226509426869629 10119356746650286256 10751816543315929147 11489686306092512520  1897379389996928673 15916904882752012757 10751816543315929147 11489686306092512520  1897379389996928673 15916904882752012757 10751816543315929147 11489686306092512520  1897379389996928673 15916904882752012757]
#[Out]# [15916904882752012757 10751816543315929147 11489686306092512520  1897379389996928673 10119356746650286256 12332966034980036375  9381486983873702883 10857226509426869629 15916904882752012757 10751816543315929147 11489686306092512520  1897379389996928673 15916904882752012757 10751816543315929147 11489686306092512520  1897379389996928673]
#[Out]# [ 1897379389996928673 15916904882752012757 10751816543315929147 11489686306092512520 10857226509426869629 10119356746650286256 12332966034980036375  9381486983873702883  1897379389996928673 15916904882752012757 10751816543315929147 11489686306092512520  1897379389996928673 15916904882752012757 10751816543315929147 11489686306092512520]
#[Out]# [11489686306092512520  1897379389996928673 15916904882752012757 10751816543315929147  9381486983873702883 10857226509426869629 10119356746650286256 12332966034980036375 11489686306092512520  1897379389996928673 15916904882752012757 10751816543315929147 11489686306092512520  1897379389996928673 15916904882752012757 10751816543315929147]
#[Out]# [10751816543315929147 11489686306092512520  1897379389996928673 15916904882752012757 12332966034980036375  9381486983873702883 10857226509426869629 10119356746650286256 10751816543315929147 11489686306092512520  1897379389996928673 15916904882752012757 10751816543315929147 11489686306092512520  1897379389996928673 15916904882752012757]
#[Out]# [15916904882752012757 10751816543315929147 11489686306092512520  1897379389996928673 15916904882752012757 10751816543315929147 11489686306092512520  1897379389996928673 10119356746650286256 12332966034980036375  9381486983873702883 10857226509426869629 15916904882752012757 10751816543315929147 11489686306092512520  1897379389996928673]
#[Out]# [ 1897379389996928673 15916904882752012757 10751816543315929147 11489686306092512520  1897379389996928673 15916904882752012757 10751816543315929147 11489686306092512520 10857226509426869629 10119356746650286256 12332966034980036375  9381486983873702883  1897379389996928673 15916904882752012757 10751816543315929147 11489686306092512520]
#[Out]# [11489686306092512520  1897379389996928673 15916904882752012757 10751816543315929147 11489686306092512520  1897379389996928673 15916904882752012757 10751816543315929147  9381486983873702883 10857226509426869629 10119356746650286256 12332966034980036375 11489686306092512520  1897379389996928673 15916904882752012757 10751816543315929147]
#[Out]# [10751816543315929147 11489686306092512520  1897379389996928673 15916904882752012757 10751816543315929147 11489686306092512520  1897379389996928673 15916904882752012757 12332966034980036375  9381486983873702883 10857226509426869629 10119356746650286256 10751816543315929147 11489686306092512520  1897379389996928673 15916904882752012757]
#[Out]# [15916904882752012757 10751816543315929147 11489686306092512520  1897379389996928673 15916904882752012757 10751816543315929147 11489686306092512520  1897379389996928673 15916904882752012757 10751816543315929147 11489686306092512520  1897379389996928673 10119356746650286256 12332966034980036375  9381486983873702883 10857226509426869629]
#[Out]# [ 1897379389996928673 15916904882752012757 10751816543315929147 11489686306092512520  1897379389996928673 15916904882752012757 10751816543315929147 11489686306092512520  1897379389996928673 15916904882752012757 10751816543315929147 11489686306092512520 10857226509426869629 10119356746650286256 12332966034980036375  9381486983873702883]
#[Out]# [11489686306092512520  1897379389996928673 15916904882752012757 10751816543315929147 11489686306092512520  1897379389996928673 15916904882752012757 10751816543315929147 11489686306092512520  1897379389996928673 15916904882752012757 10751816543315929147  9381486983873702883 10857226509426869629 10119356746650286256 12332966034980036375]
#[Out]# [10751816543315929147 11489686306092512520  1897379389996928673 15916904882752012757 10751816543315929147 11489686306092512520  1897379389996928673 15916904882752012757 10751816543315929147 11489686306092512520  1897379389996928673 15916904882752012757 12332966034980036375  9381486983873702883 10857226509426869629 10119356746650286256]
A * A_inv
#[Out]# [1 0 0 0 0 0 0 0 0 0 0 0 0 0 0 0]
#[Out]# [0 1 0 0 0 0 0 0 0 0 0 0 0 0 0 0]
#[Out]# [0 0 1 0 0 0 0 0 0 0 0 0 0 0 0 0]
#[Out]# [0 0 0 1 0 0 0 0 0 0 0 0 0 0 0 0]
#[Out]# [0 0 0 0 1 0 0 0 0 0 0 0 0 0 0 0]
#[Out]# [0 0 0 0 0 1 0 0 0 0 0 0 0 0 0 0]
#[Out]# [0 0 0 0 0 0 1 0 0 0 0 0 0 0 0 0]
#[Out]# [0 0 0 0 0 0 0 1 0 0 0 0 0 0 0 0]
#[Out]# [0 0 0 0 0 0 0 0 1 0 0 0 0 0 0 0]
#[Out]# [0 0 0 0 0 0 0 0 0 1 0 0 0 0 0 0]
#[Out]# [0 0 0 0 0 0 0 0 0 0 1 0 0 0 0 0]
#[Out]# [0 0 0 0 0 0 0 0 0 0 0 1 0 0 0 0]
#[Out]# [0 0 0 0 0 0 0 0 0 0 0 0 1 0 0 0]
#[Out]# [0 0 0 0 0 0 0 0 0 0 0 0 0 1 0 0]
#[Out]# [0 0 0 0 0 0 0 0 0 0 0 0 0 0 1 0]
#[Out]# [0 0 0 0 0 0 0 0 0 0 0 0 0 0 0 1]
u = vector(F, [8463960316966287206, 8935674688980218489, 6174117900414483463, 1988524517886486576, 6233883590102209826, 7820636325548179799, 5059079536982444773, 17090153497004954827, 316344263887408375, 13978642047082433742, 11007340325215619682, 9779138299698265521, 8365233060092622432, 16907110300110000168, 14783506475360429140, 7214454078647426731])
u * A_inv
#[Out]# (0, 13458558136629279646, 11917569669020208757, 3145715386209370042, 17331705705982545631, 13458558136629279646, 11917569669020208757, 3145715386209370042, 17331705705982545631, 13215201055849252531, 8610291617797430736, 1265525353557427957, 0, 0, 0, 0)
u * A_inv == v
#[Out]# True
A_inv.transpose()
#[Out]# [10119356746650286256 10857226509426869629  9381486983873702883 12332966034980036375 15916904882752012757  1897379389996928673 11489686306092512520 10751816543315929147 15916904882752012757  1897379389996928673 11489686306092512520 10751816543315929147 15916904882752012757  1897379389996928673 11489686306092512520 10751816543315929147]
#[Out]# [12332966034980036375 10119356746650286256 10857226509426869629  9381486983873702883 10751816543315929147 15916904882752012757  1897379389996928673 11489686306092512520 10751816543315929147 15916904882752012757  1897379389996928673 11489686306092512520 10751816543315929147 15916904882752012757  1897379389996928673 11489686306092512520]
#[Out]# [ 9381486983873702883 12332966034980036375 10119356746650286256 10857226509426869629 11489686306092512520 10751816543315929147 15916904882752012757  1897379389996928673 11489686306092512520 10751816543315929147 15916904882752012757  1897379389996928673 11489686306092512520 10751816543315929147 15916904882752012757  1897379389996928673]
#[Out]# [10857226509426869629  9381486983873702883 12332966034980036375 10119356746650286256  1897379389996928673 11489686306092512520 10751816543315929147 15916904882752012757  1897379389996928673 11489686306092512520 10751816543315929147 15916904882752012757  1897379389996928673 11489686306092512520 10751816543315929147 15916904882752012757]
#[Out]# [15916904882752012757  1897379389996928673 11489686306092512520 10751816543315929147 10119356746650286256 10857226509426869629  9381486983873702883 12332966034980036375 15916904882752012757  1897379389996928673 11489686306092512520 10751816543315929147 15916904882752012757  1897379389996928673 11489686306092512520 10751816543315929147]
#[Out]# [10751816543315929147 15916904882752012757  1897379389996928673 11489686306092512520 12332966034980036375 10119356746650286256 10857226509426869629  9381486983873702883 10751816543315929147 15916904882752012757  1897379389996928673 11489686306092512520 10751816543315929147 15916904882752012757  1897379389996928673 11489686306092512520]
#[Out]# [11489686306092512520 10751816543315929147 15916904882752012757  1897379389996928673  9381486983873702883 12332966034980036375 10119356746650286256 10857226509426869629 11489686306092512520 10751816543315929147 15916904882752012757  1897379389996928673 11489686306092512520 10751816543315929147 15916904882752012757  1897379389996928673]
#[Out]# [ 1897379389996928673 11489686306092512520 10751816543315929147 15916904882752012757 10857226509426869629  9381486983873702883 12332966034980036375 10119356746650286256  1897379389996928673 11489686306092512520 10751816543315929147 15916904882752012757  1897379389996928673 11489686306092512520 10751816543315929147 15916904882752012757]
#[Out]# [15916904882752012757  1897379389996928673 11489686306092512520 10751816543315929147 15916904882752012757  1897379389996928673 11489686306092512520 10751816543315929147 10119356746650286256 10857226509426869629  9381486983873702883 12332966034980036375 15916904882752012757  1897379389996928673 11489686306092512520 10751816543315929147]
#[Out]# [10751816543315929147 15916904882752012757  1897379389996928673 11489686306092512520 10751816543315929147 15916904882752012757  1897379389996928673 11489686306092512520 12332966034980036375 10119356746650286256 10857226509426869629  9381486983873702883 10751816543315929147 15916904882752012757  1897379389996928673 11489686306092512520]
#[Out]# [11489686306092512520 10751816543315929147 15916904882752012757  1897379389996928673 11489686306092512520 10751816543315929147 15916904882752012757  1897379389996928673  9381486983873702883 12332966034980036375 10119356746650286256 10857226509426869629 11489686306092512520 10751816543315929147 15916904882752012757  1897379389996928673]
#[Out]# [ 1897379389996928673 11489686306092512520 10751816543315929147 15916904882752012757  1897379389996928673 11489686306092512520 10751816543315929147 15916904882752012757 10857226509426869629  9381486983873702883 12332966034980036375 10119356746650286256  1897379389996928673 11489686306092512520 10751816543315929147 15916904882752012757]
#[Out]# [15916904882752012757  1897379389996928673 11489686306092512520 10751816543315929147 15916904882752012757  1897379389996928673 11489686306092512520 10751816543315929147 15916904882752012757  1897379389996928673 11489686306092512520 10751816543315929147 10119356746650286256 10857226509426869629  9381486983873702883 12332966034980036375]
#[Out]# [10751816543315929147 15916904882752012757  1897379389996928673 11489686306092512520 10751816543315929147 15916904882752012757  1897379389996928673 11489686306092512520 10751816543315929147 15916904882752012757  1897379389996928673 11489686306092512520 12332966034980036375 10119356746650286256 10857226509426869629  9381486983873702883]
#[Out]# [11489686306092512520 10751816543315929147 15916904882752012757  1897379389996928673 11489686306092512520 10751816543315929147 15916904882752012757  1897379389996928673 11489686306092512520 10751816543315929147 15916904882752012757  1897379389996928673  9381486983873702883 12332966034980036375 10119356746650286256 10857226509426869629]
#[Out]# [ 1897379389996928673 11489686306092512520 10751816543315929147 15916904882752012757  1897379389996928673 11489686306092512520 10751816543315929147 15916904882752012757  1897379389996928673 11489686306092512520 10751816543315929147 15916904882752012757 10857226509426869629  9381486983873702883 12332966034980036375 10119356746650286256]
A_inv
#[Out]# [10119356746650286256 12332966034980036375  9381486983873702883 10857226509426869629 15916904882752012757 10751816543315929147 11489686306092512520  1897379389996928673 15916904882752012757 10751816543315929147 11489686306092512520  1897379389996928673 15916904882752012757 10751816543315929147 11489686306092512520  1897379389996928673]
#[Out]# [10857226509426869629 10119356746650286256 12332966034980036375  9381486983873702883  1897379389996928673 15916904882752012757 10751816543315929147 11489686306092512520  1897379389996928673 15916904882752012757 10751816543315929147 11489686306092512520  1897379389996928673 15916904882752012757 10751816543315929147 11489686306092512520]
#[Out]# [ 9381486983873702883 10857226509426869629 10119356746650286256 12332966034980036375 11489686306092512520  1897379389996928673 15916904882752012757 10751816543315929147 11489686306092512520  1897379389996928673 15916904882752012757 10751816543315929147 11489686306092512520  1897379389996928673 15916904882752012757 10751816543315929147]
#[Out]# [12332966034980036375  9381486983873702883 10857226509426869629 10119356746650286256 10751816543315929147 11489686306092512520  1897379389996928673 15916904882752012757 10751816543315929147 11489686306092512520  1897379389996928673 15916904882752012757 10751816543315929147 11489686306092512520  1897379389996928673 15916904882752012757]
#[Out]# [15916904882752012757 10751816543315929147 11489686306092512520  1897379389996928673 10119356746650286256 12332966034980036375  9381486983873702883 10857226509426869629 15916904882752012757 10751816543315929147 11489686306092512520  1897379389996928673 15916904882752012757 10751816543315929147 11489686306092512520  1897379389996928673]
#[Out]# [ 1897379389996928673 15916904882752012757 10751816543315929147 11489686306092512520 10857226509426869629 10119356746650286256 12332966034980036375  9381486983873702883  1897379389996928673 15916904882752012757 10751816543315929147 11489686306092512520  1897379389996928673 15916904882752012757 10751816543315929147 11489686306092512520]
#[Out]# [11489686306092512520  1897379389996928673 15916904882752012757 10751816543315929147  9381486983873702883 10857226509426869629 10119356746650286256 12332966034980036375 11489686306092512520  1897379389996928673 15916904882752012757 10751816543315929147 11489686306092512520  1897379389996928673 15916904882752012757 10751816543315929147]
#[Out]# [10751816543315929147 11489686306092512520  1897379389996928673 15916904882752012757 12332966034980036375  9381486983873702883 10857226509426869629 10119356746650286256 10751816543315929147 11489686306092512520  1897379389996928673 15916904882752012757 10751816543315929147 11489686306092512520  1897379389996928673 15916904882752012757]
#[Out]# [15916904882752012757 10751816543315929147 11489686306092512520  1897379389996928673 15916904882752012757 10751816543315929147 11489686306092512520  1897379389996928673 10119356746650286256 12332966034980036375  9381486983873702883 10857226509426869629 15916904882752012757 10751816543315929147 11489686306092512520  1897379389996928673]
#[Out]# [ 1897379389996928673 15916904882752012757 10751816543315929147 11489686306092512520  1897379389996928673 15916904882752012757 10751816543315929147 11489686306092512520 10857226509426869629 10119356746650286256 12332966034980036375  9381486983873702883  1897379389996928673 15916904882752012757 10751816543315929147 11489686306092512520]
#[Out]# [11489686306092512520  1897379389996928673 15916904882752012757 10751816543315929147 11489686306092512520  1897379389996928673 15916904882752012757 10751816543315929147  9381486983873702883 10857226509426869629 10119356746650286256 12332966034980036375 11489686306092512520  1897379389996928673 15916904882752012757 10751816543315929147]
#[Out]# [10751816543315929147 11489686306092512520  1897379389996928673 15916904882752012757 10751816543315929147 11489686306092512520  1897379389996928673 15916904882752012757 12332966034980036375  9381486983873702883 10857226509426869629 10119356746650286256 10751816543315929147 11489686306092512520  1897379389996928673 15916904882752012757]
#[Out]# [15916904882752012757 10751816543315929147 11489686306092512520  1897379389996928673 15916904882752012757 10751816543315929147 11489686306092512520  1897379389996928673 15916904882752012757 10751816543315929147 11489686306092512520  1897379389996928673 10119356746650286256 12332966034980036375  9381486983873702883 10857226509426869629]
#[Out]# [ 1897379389996928673 15916904882752012757 10751816543315929147 11489686306092512520  1897379389996928673 15916904882752012757 10751816543315929147 11489686306092512520  1897379389996928673 15916904882752012757 10751816543315929147 11489686306092512520 10857226509426869629 10119356746650286256 12332966034980036375  9381486983873702883]
#[Out]# [11489686306092512520  1897379389996928673 15916904882752012757 10751816543315929147 11489686306092512520  1897379389996928673 15916904882752012757 10751816543315929147 11489686306092512520  1897379389996928673 15916904882752012757 10751816543315929147  9381486983873702883 10857226509426869629 10119356746650286256 12332966034980036375]
#[Out]# [10751816543315929147 11489686306092512520  1897379389996928673 15916904882752012757 10751816543315929147 11489686306092512520  1897379389996928673 15916904882752012757 10751816543315929147 11489686306092512520  1897379389996928673 15916904882752012757 12332966034980036375  9381486983873702883 10857226509426869629 10119356746650286256]
A_inv.transpose()
#[Out]# [10119356746650286256 10857226509426869629  9381486983873702883 12332966034980036375 15916904882752012757  1897379389996928673 11489686306092512520 10751816543315929147 15916904882752012757  1897379389996928673 11489686306092512520 10751816543315929147 15916904882752012757  1897379389996928673 11489686306092512520 10751816543315929147]
#[Out]# [12332966034980036375 10119356746650286256 10857226509426869629  9381486983873702883 10751816543315929147 15916904882752012757  1897379389996928673 11489686306092512520 10751816543315929147 15916904882752012757  1897379389996928673 11489686306092512520 10751816543315929147 15916904882752012757  1897379389996928673 11489686306092512520]
#[Out]# [ 9381486983873702883 12332966034980036375 10119356746650286256 10857226509426869629 11489686306092512520 10751816543315929147 15916904882752012757  1897379389996928673 11489686306092512520 10751816543315929147 15916904882752012757  1897379389996928673 11489686306092512520 10751816543315929147 15916904882752012757  1897379389996928673]
#[Out]# [10857226509426869629  9381486983873702883 12332966034980036375 10119356746650286256  1897379389996928673 11489686306092512520 10751816543315929147 15916904882752012757  1897379389996928673 11489686306092512520 10751816543315929147 15916904882752012757  1897379389996928673 11489686306092512520 10751816543315929147 15916904882752012757]
#[Out]# [15916904882752012757  1897379389996928673 11489686306092512520 10751816543315929147 10119356746650286256 10857226509426869629  9381486983873702883 12332966034980036375 15916904882752012757  1897379389996928673 11489686306092512520 10751816543315929147 15916904882752012757  1897379389996928673 11489686306092512520 10751816543315929147]
#[Out]# [10751816543315929147 15916904882752012757  1897379389996928673 11489686306092512520 12332966034980036375 10119356746650286256 10857226509426869629  9381486983873702883 10751816543315929147 15916904882752012757  1897379389996928673 11489686306092512520 10751816543315929147 15916904882752012757  1897379389996928673 11489686306092512520]
#[Out]# [11489686306092512520 10751816543315929147 15916904882752012757  1897379389996928673  9381486983873702883 12332966034980036375 10119356746650286256 10857226509426869629 11489686306092512520 10751816543315929147 15916904882752012757  1897379389996928673 11489686306092512520 10751816543315929147 15916904882752012757  1897379389996928673]
#[Out]# [ 1897379389996928673 11489686306092512520 10751816543315929147 15916904882752012757 10857226509426869629  9381486983873702883 12332966034980036375 10119356746650286256  1897379389996928673 11489686306092512520 10751816543315929147 15916904882752012757  1897379389996928673 11489686306092512520 10751816543315929147 15916904882752012757]
#[Out]# [15916904882752012757  1897379389996928673 11489686306092512520 10751816543315929147 15916904882752012757  1897379389996928673 11489686306092512520 10751816543315929147 10119356746650286256 10857226509426869629  9381486983873702883 12332966034980036375 15916904882752012757  1897379389996928673 11489686306092512520 10751816543315929147]
#[Out]# [10751816543315929147 15916904882752012757  1897379389996928673 11489686306092512520 10751816543315929147 15916904882752012757  1897379389996928673 11489686306092512520 12332966034980036375 10119356746650286256 10857226509426869629  9381486983873702883 10751816543315929147 15916904882752012757  1897379389996928673 11489686306092512520]
#[Out]# [11489686306092512520 10751816543315929147 15916904882752012757  1897379389996928673 11489686306092512520 10751816543315929147 15916904882752012757  1897379389996928673  9381486983873702883 12332966034980036375 10119356746650286256 10857226509426869629 11489686306092512520 10751816543315929147 15916904882752012757  1897379389996928673]
#[Out]# [ 1897379389996928673 11489686306092512520 10751816543315929147 15916904882752012757  1897379389996928673 11489686306092512520 10751816543315929147 15916904882752012757 10857226509426869629  9381486983873702883 12332966034980036375 10119356746650286256  1897379389996928673 11489686306092512520 10751816543315929147 15916904882752012757]
#[Out]# [15916904882752012757  1897379389996928673 11489686306092512520 10751816543315929147 15916904882752012757  1897379389996928673 11489686306092512520 10751816543315929147 15916904882752012757  1897379389996928673 11489686306092512520 10751816543315929147 10119356746650286256 10857226509426869629  9381486983873702883 12332966034980036375]
#[Out]# [10751816543315929147 15916904882752012757  1897379389996928673 11489686306092512520 10751816543315929147 15916904882752012757  1897379389996928673 11489686306092512520 10751816543315929147 15916904882752012757  1897379389996928673 11489686306092512520 12332966034980036375 10119356746650286256 10857226509426869629  9381486983873702883]
#[Out]# [11489686306092512520 10751816543315929147 15916904882752012757  1897379389996928673 11489686306092512520 10751816543315929147 15916904882752012757  1897379389996928673 11489686306092512520 10751816543315929147 15916904882752012757  1897379389996928673  9381486983873702883 12332966034980036375 10119356746650286256 10857226509426869629]
#[Out]# [ 1897379389996928673 11489686306092512520 10751816543315929147 15916904882752012757  1897379389996928673 11489686306092512520 10751816543315929147 15916904882752012757  1897379389996928673 11489686306092512520 10751816543315929147 15916904882752012757 10857226509426869629  9381486983873702883 12332966034980036375 10119356746650286256]
A
#[Out]# [4 2 2 6 2 1 1 3 2 1 1 3 2 1 1 3]
#[Out]# [6 4 2 2 3 2 1 1 3 2 1 1 3 2 1 1]
#[Out]# [2 6 4 2 1 3 2 1 1 3 2 1 1 3 2 1]
#[Out]# [2 2 6 4 1 1 3 2 1 1 3 2 1 1 3 2]
#[Out]# [2 1 1 3 4 2 2 6 2 1 1 3 2 1 1 3]
#[Out]# [3 2 1 1 6 4 2 2 3 2 1 1 3 2 1 1]
#[Out]# [1 3 2 1 2 6 4 2 1 3 2 1 1 3 2 1]
#[Out]# [1 1 3 2 2 2 6 4 1 1 3 2 1 1 3 2]
#[Out]# [2 1 1 3 2 1 1 3 4 2 2 6 2 1 1 3]
#[Out]# [3 2 1 1 3 2 1 1 6 4 2 2 3 2 1 1]
#[Out]# [1 3 2 1 1 3 2 1 2 6 4 2 1 3 2 1]
#[Out]# [1 1 3 2 1 1 3 2 2 2 6 4 1 1 3 2]
#[Out]# [2 1 1 3 2 1 1 3 2 1 1 3 4 2 2 6]
#[Out]# [3 2 1 1 3 2 1 1 3 2 1 1 6 4 2 2]
#[Out]# [1 3 2 1 1 3 2 1 1 3 2 1 2 6 4 2]
#[Out]# [1 1 3 2 1 1 3 2 1 1 3 2 2 2 6 4]
A
#[Out]# [4 2 2 6 2 1 1 3 2 1 1 3 2 1 1 3]
#[Out]# [6 4 2 2 3 2 1 1 3 2 1 1 3 2 1 1]
#[Out]# [2 6 4 2 1 3 2 1 1 3 2 1 1 3 2 1]
#[Out]# [2 2 6 4 1 1 3 2 1 1 3 2 1 1 3 2]
#[Out]# [2 1 1 3 4 2 2 6 2 1 1 3 2 1 1 3]
#[Out]# [3 2 1 1 6 4 2 2 3 2 1 1 3 2 1 1]
#[Out]# [1 3 2 1 2 6 4 2 1 3 2 1 1 3 2 1]
#[Out]# [1 1 3 2 2 2 6 4 1 1 3 2 1 1 3 2]
#[Out]# [2 1 1 3 2 1 1 3 4 2 2 6 2 1 1 3]
#[Out]# [3 2 1 1 3 2 1 1 6 4 2 2 3 2 1 1]
#[Out]# [1 3 2 1 1 3 2 1 2 6 4 2 1 3 2 1]
#[Out]# [1 1 3 2 1 1 3 2 2 2 6 4 1 1 3 2]
#[Out]# [2 1 1 3 2 1 1 3 2 1 1 3 4 2 2 6]
#[Out]# [3 2 1 1 3 2 1 1 3 2 1 1 6 4 2 2]
#[Out]# [1 3 2 1 1 3 2 1 1 3 2 1 2 6 4 2]
#[Out]# [1 1 3 2 1 1 3 2 1 1 3 2 2 2 6 4]
A[0]
#[Out]# (4, 2, 2, 6, 2, 1, 1, 3, 2, 1, 1, 3, 2, 1, 1, 3)
A[0] * 0
#[Out]# (0, 0, 0, 0, 0, 0, 0, 0, 0, 0, 0, 0, 0, 0, 0, 0)
A[0] * 1
#[Out]# (4, 2, 2, 6, 2, 1, 1, 3, 2, 1, 1, 3, 2, 1, 1, 3)
A[0] * 2
#[Out]# (8, 4, 4, 12, 4, 2, 2, 6, 4, 2, 2, 6, 4, 2, 2, 6)
A[0] * v
#[Out]# 14921272756936102039
A * v
#[Out]# (14921272756936102039, 7983240332608871320, 18163549529859252951, 2940958874257833745, 12691196030072024659, 4638125242312755250, 17048511166427214261, 1825920510825795055, 3499990800113393268, 17410687066292565235, 7823693788989634789, 6347093280488134028, 17001486931487672152, 2896327142949901871, 6147252603965379420, 2778493166392940707)
v * A
#[Out]# (8463960316966287206, 8935674688980218489, 6174117900414483463, 1988524517886486576, 6233883590102209826, 7820636325548179799, 5059079536982444773, 17090153497004954827, 316344263887408375, 13978642047082433742, 11007340325215619682, 9779138299698265521, 8365233060092622432, 16907110300110000168, 14783506475360429140, 7214454078647426731)
v * A[0]
#[Out]# 14921272756936102039
v * A
#[Out]# (8463960316966287206, 8935674688980218489, 6174117900414483463, 1988524517886486576, 6233883590102209826, 7820636325548179799, 5059079536982444773, 17090153497004954827, 316344263887408375, 13978642047082433742, 11007340325215619682, 9779138299698265521, 8365233060092622432, 16907110300110000168, 14783506475360429140, 7214454078647426731)
v
#[Out]# (0, 13458558136629279646, 11917569669020208757, 3145715386209370042, 17331705705982545631, 13458558136629279646, 11917569669020208757, 3145715386209370042, 17331705705982545631, 13215201055849252531, 8610291617797430736, 1265525353557427957, 0, 0, 0, 0)
A
#[Out]# [4 2 2 6 2 1 1 3 2 1 1 3 2 1 1 3]
#[Out]# [6 4 2 2 3 2 1 1 3 2 1 1 3 2 1 1]
#[Out]# [2 6 4 2 1 3 2 1 1 3 2 1 1 3 2 1]
#[Out]# [2 2 6 4 1 1 3 2 1 1 3 2 1 1 3 2]
#[Out]# [2 1 1 3 4 2 2 6 2 1 1 3 2 1 1 3]
#[Out]# [3 2 1 1 6 4 2 2 3 2 1 1 3 2 1 1]
#[Out]# [1 3 2 1 2 6 4 2 1 3 2 1 1 3 2 1]
#[Out]# [1 1 3 2 2 2 6 4 1 1 3 2 1 1 3 2]
#[Out]# [2 1 1 3 2 1 1 3 4 2 2 6 2 1 1 3]
#[Out]# [3 2 1 1 3 2 1 1 6 4 2 2 3 2 1 1]
#[Out]# [1 3 2 1 1 3 2 1 2 6 4 2 1 3 2 1]
#[Out]# [1 1 3 2 1 1 3 2 2 2 6 4 1 1 3 2]
#[Out]# [2 1 1 3 2 1 1 3 2 1 1 3 4 2 2 6]
#[Out]# [3 2 1 1 3 2 1 1 3 2 1 1 6 4 2 2]
#[Out]# [1 3 2 1 1 3 2 1 1 3 2 1 2 6 4 2]
#[Out]# [1 1 3 2 1 1 3 2 1 1 3 2 2 2 6 4]
v * A
#[Out]# (8463960316966287206, 8935674688980218489, 6174117900414483463, 1988524517886486576, 6233883590102209826, 7820636325548179799, 5059079536982444773, 17090153497004954827, 316344263887408375, 13978642047082433742, 11007340325215619682, 9779138299698265521, 8365233060092622432, 16907110300110000168, 14783506475360429140, 7214454078647426731)
F(4*v[0] + 6*v[1] + 2*v[2] + 2*v[3] + 3*v[4] + v[5] + v[6] + 2*v[7] + 3*v[8] + v[9] + v[10] + 2*v[11] + 3*v[12] + v[13] + v[14])
#[Out]# 12637838153155696434
F(4*v[0] + 6*v[1] + 2*v[2] + 2*v[3] + 2*v[4] + 3*v[5] + v[6] + 1*v[7] + 2*v[8] + 3*v[9] + v[10] + 1*v[11] + 2*v[12] + 3*v[13] + v[14] + v[15])
#[Out]# 8463960316966287206
M = A
F(M[0][0]*v[0] + 6*v[1] + 2*v[2] + 2*v[3] + 2*v[4] + 3*v[5] + v[6] + 1*v[7] + 2*v[8] + 3*v[9] + v[10] + 1*v[11] + 2*v[12] + 3*v[13] + v[14] + v[15])
#[Out]# 8463960316966287206
F(M[0][0]*v[0] + M[1][0]*v[1] + 2*v[2] + 2*v[3] + 2*v[4] + 3*v[5] + v[6] + 1*v[7] + 2*v[8] + 3*v[9] + v[10] + 1*v[11] + 2*v[12] + 3*v[13] + v[14] + v[15])
#[Out]# 8463960316966287206
z = v
F(M[0][0]*z[0] + M[1][0]*z[1] + M[2][0]*z[2] + M[3][0]*z[3] + 2*v[4] + 3*v[5] + v[6] + 1*v[7] + 2*v[8] + 3*v[9] + v[10] + 1*v[11] + 2*v[12] + 3*v[13] + v[14] + v[15])
#[Out]# 8463960316966287206
F(M[0][0]*z[0] + M[1][0]*z[1] + M[2][0]*z[2] + M[3][0]*z[3] + M[4][0]*z[4] + M[5][0]*z[5] + v[6] + 1*v[7] + 2*v[8] + 3*v[9] + v[10] + 1*v[11] + 2*v[12] + 3*v[13] + v[14] + v[15])
#[Out]# 8463960316966287206
F(M[0][0]*z[0] + M[1][0]*z[1] + M[2][0]*z[2] + M[3][0]*z[3] + M[4][0]*z[4] + M[5][0]*z[5] + M[6][0]*z[6] + M[7][0]*v[7] + 2*v[8] + 3*v[9] + v[10] + 1*v[11] + 2*v[12] + 3*v[13] + v[14] + v[15])
#[Out]# 8463960316966287206
F(M[0][0]*z[0] + M[1][0]*z[1] + M[2][0]*z[2] + M[3][0]*z[3] + M[4][0]*z[4] + M[5][0]*z[5] + M[6][0]*z[6] + M[7][0]*z[7] + 2*v[8] + 3*v[9] + v[10] + 1*v[11] + 2*v[12] + 3*v[13] + v[14] + v[15])
#[Out]# 8463960316966287206
F(M[0][0]*z[0] + M[1][0]*z[1] + M[2][0]*z[2] + M[3][0]*z[3] + M[4][0]*z[4] + M[5][0]*z[5] + M[6][0]*z[6] + M[7][0]*z[7] + M[8][0]*z[8] + M[9][0]*z[9] + M[10][0]*z[10] + 1*v[11] + 2*v[12] + 3*v[13] + v[14] + v[15])
#[Out]# 8463960316966287206
F(M[0][0]*z[0] + M[1][0]*z[1] + M[2][0]*z[2] + M[3][0]*z[3] + M[4][0]*z[4] + M[5][0]*z[5] + M[6][0]*z[6] + M[7][0]*z[7] + M[8][0]*z[8] + M[9][0]*z[9] + M[10][0]*z[10] + M[11][0]*z[11] + M[12][0]*z[12] + M[13][0]*z[13] + M[14][0]*z[14] + M[15][0]*z[15])
#[Out]# 8463960316966287206
F(M[0][0]*z[0] + M[1][0]*z[1] + M[2][0]*z[2] + M[3][0]*z[3] + M[4][0]*z[4] + M[5][0]*z[5] + M[6][0]*z[6] + M[7][0]*z[7] + M[8][0]*z[8] + M[9][0]*z[9] + M[10][0]*z[10] + M[11][0]*z[11] + M[12][0]*z[12] + M[13][0]*z[13] + M[14][0]*z[14] + M[15][0]*z[15])
#[Out]# 8463960316966287206
M = A_inv
z = u
F(M[0][0]*z[0] + M[1][0]*z[1] + M[2][0]*z[2] + M[3][0]*z[3] + M[4][0]*z[4] + M[5][0]*z[5] + M[6][0]*z[6] + M[7][0]*z[7] + M[8][0]*z[8] + M[9][0]*z[9] + M[10][0]*z[10] + M[11][0]*z[11] + M[12][0]*z[12] + M[13][0]*z[13] + M[14][0]*z[14] + M[15][0]*z[15])
#[Out]# 0
